Determining if the pthread_create exist failed with the following output:
Change Dir: /home/fetch/catkin_ws/src/segmenter_jordlee/cmake-build-debug/CMakeFiles/CMakeTmp

Run Build Command:/usr/bin/make "cmTryCompileExec1312612764/fast"
/usr/bin/make -f CMakeFiles/cmTryCompileExec1312612764.dir/build.make CMakeFiles/cmTryCompileExec1312612764.dir/build
make[1]: Entering directory `/home/fetch/catkin_ws/src/segmenter_jordlee/cmake-build-debug/CMakeFiles/CMakeTmp'
/usr/bin/cmake -E cmake_progress_report /home/fetch/catkin_ws/src/segmenter_jordlee/cmake-build-debug/CMakeFiles/CMakeTmp/CMakeFiles 1
Building C object CMakeFiles/cmTryCompileExec1312612764.dir/CheckSymbolExists.c.o
/usr/bin/cc    -o CMakeFiles/cmTryCompileExec1312612764.dir/CheckSymbolExists.c.o   -c /home/fetch/catkin_ws/src/segmenter_jordlee/cmake-build-debug/CMakeFiles/CMakeTmp/CheckSymbolExists.c
Linking C executable cmTryCompileExec1312612764
/usr/bin/cmake -E cmake_link_script CMakeFiles/cmTryCompileExec1312612764.dir/link.txt --verbose=1
/usr/bin/cc       CMakeFiles/cmTryCompileExec1312612764.dir/CheckSymbolExists.c.o  -o cmTryCompileExec1312612764 -rdynamic 
CMakeFiles/cmTryCompileExec1312612764.dir/CheckSymbolExists.c.o: In function `main':
CheckSymbolExists.c:(.text+0x16): undefined reference to `pthread_create'
collect2: error: ld returned 1 exit status
make[1]: *** [cmTryCompileExec1312612764] Error 1
make[1]: Leaving directory `/home/fetch/catkin_ws/src/segmenter_jordlee/cmake-build-debug/CMakeFiles/CMakeTmp'
make: *** [cmTryCompileExec1312612764/fast] Error 2

File /home/fetch/catkin_ws/src/segmenter_jordlee/cmake-build-debug/CMakeFiles/CMakeTmp/CheckSymbolExists.c:
/* */
#include <pthread.h>

int main(int argc, char** argv)
{
  (void)argv;
#ifndef pthread_create
  return ((int*)(&pthread_create))[argc];
#else
  (void)argc;
  return 0;
#endif
}

Determining if the function pthread_create exists in the pthreads failed with the following output:
Change Dir: /home/fetch/catkin_ws/src/segmenter_jordlee/cmake-build-debug/CMakeFiles/CMakeTmp

Run Build Command:/usr/bin/make "cmTryCompileExec1604968152/fast"
/usr/bin/make -f CMakeFiles/cmTryCompileExec1604968152.dir/build.make CMakeFiles/cmTryCompileExec1604968152.dir/build
make[1]: Entering directory `/home/fetch/catkin_ws/src/segmenter_jordlee/cmake-build-debug/CMakeFiles/CMakeTmp'
/usr/bin/cmake -E cmake_progress_report /home/fetch/catkin_ws/src/segmenter_jordlee/cmake-build-debug/CMakeFiles/CMakeTmp/CMakeFiles 1
Building C object CMakeFiles/cmTryCompileExec1604968152.dir/CheckFunctionExists.c.o
/usr/bin/cc   -DCHECK_FUNCTION_EXISTS=pthread_create   -o CMakeFiles/cmTryCompileExec1604968152.dir/CheckFunctionExists.c.o   -c /usr/share/cmake-2.8/Modules/CheckFunctionExists.c
Linking C executable cmTryCompileExec1604968152
/usr/bin/cmake -E cmake_link_script CMakeFiles/cmTryCompileExec1604968152.dir/link.txt --verbose=1
/usr/bin/cc   -DCHECK_FUNCTION_EXISTS=pthread_create    CMakeFiles/cmTryCompileExec1604968152.dir/CheckFunctionExists.c.o  -o cmTryCompileExec1604968152 -rdynamic -lpthreads 
/usr/bin/ld: cannot find -lpthreads
collect2: error: ld returned 1 exit status
make[1]: *** [cmTryCompileExec1604968152] Error 1
make[1]: Leaving directory `/home/fetch/catkin_ws/src/segmenter_jordlee/cmake-build-debug/CMakeFiles/CMakeTmp'
make: *** [cmTryCompileExec1604968152/fast] Error 2


