Determining if the pthread_create exist failed with the following output:
Change Dir: /home/fetch/catkin_ws/src/segmenter_jordlee/CMakeFiles/CMakeTmp

Run Build Command:/usr/bin/make "cmTryCompileExec2789006848/fast"
/usr/bin/make -f CMakeFiles/cmTryCompileExec2789006848.dir/build.make CMakeFiles/cmTryCompileExec2789006848.dir/build
make[1]: Entering directory `/home/fetch/catkin_ws/src/segmenter_jordlee/CMakeFiles/CMakeTmp'
/usr/bin/cmake -E cmake_progress_report /home/fetch/catkin_ws/src/segmenter_jordlee/CMakeFiles/CMakeTmp/CMakeFiles 1
Building C object CMakeFiles/cmTryCompileExec2789006848.dir/CheckSymbolExists.c.o
/usr/bin/cc    -o CMakeFiles/cmTryCompileExec2789006848.dir/CheckSymbolExists.c.o   -c /home/fetch/catkin_ws/src/segmenter_jordlee/CMakeFiles/CMakeTmp/CheckSymbolExists.c
Linking C executable cmTryCompileExec2789006848
/usr/bin/cmake -E cmake_link_script CMakeFiles/cmTryCompileExec2789006848.dir/link.txt --verbose=1
/usr/bin/cc       CMakeFiles/cmTryCompileExec2789006848.dir/CheckSymbolExists.c.o  -o cmTryCompileExec2789006848 -rdynamic 
CMakeFiles/cmTryCompileExec2789006848.dir/CheckSymbolExists.c.o: In function `main':
CheckSymbolExists.c:(.text+0x16): undefined reference to `pthread_create'
collect2: error: ld returned 1 exit status
make[1]: *** [cmTryCompileExec2789006848] Error 1
make[1]: Leaving directory `/home/fetch/catkin_ws/src/segmenter_jordlee/CMakeFiles/CMakeTmp'
make: *** [cmTryCompileExec2789006848/fast] Error 2

File /home/fetch/catkin_ws/src/segmenter_jordlee/CMakeFiles/CMakeTmp/CheckSymbolExists.c:
/* */
#include <pthread.h>

int main(int argc, char** argv)
{
  (void)argv;
#ifndef pthread_create
  return ((int*)(&pthread_create))[argc];
#else
  (void)argc;
  return 0;
#endif
}

Determining if the function pthread_create exists in the pthreads failed with the following output:
Change Dir: /home/fetch/catkin_ws/src/segmenter_jordlee/CMakeFiles/CMakeTmp

Run Build Command:/usr/bin/make "cmTryCompileExec2014300978/fast"
/usr/bin/make -f CMakeFiles/cmTryCompileExec2014300978.dir/build.make CMakeFiles/cmTryCompileExec2014300978.dir/build
make[1]: Entering directory `/home/fetch/catkin_ws/src/segmenter_jordlee/CMakeFiles/CMakeTmp'
/usr/bin/cmake -E cmake_progress_report /home/fetch/catkin_ws/src/segmenter_jordlee/CMakeFiles/CMakeTmp/CMakeFiles 1
Building C object CMakeFiles/cmTryCompileExec2014300978.dir/CheckFunctionExists.c.o
/usr/bin/cc   -DCHECK_FUNCTION_EXISTS=pthread_create   -o CMakeFiles/cmTryCompileExec2014300978.dir/CheckFunctionExists.c.o   -c /usr/share/cmake-2.8/Modules/CheckFunctionExists.c
Linking C executable cmTryCompileExec2014300978
/usr/bin/cmake -E cmake_link_script CMakeFiles/cmTryCompileExec2014300978.dir/link.txt --verbose=1
/usr/bin/cc   -DCHECK_FUNCTION_EXISTS=pthread_create    CMakeFiles/cmTryCompileExec2014300978.dir/CheckFunctionExists.c.o  -o cmTryCompileExec2014300978 -rdynamic -lpthreads 
/usr/bin/ld: cannot find -lpthreads
collect2: error: ld returned 1 exit status
make[1]: *** [cmTryCompileExec2014300978] Error 1
make[1]: Leaving directory `/home/fetch/catkin_ws/src/segmenter_jordlee/CMakeFiles/CMakeTmp'
make: *** [cmTryCompileExec2014300978/fast] Error 2


